This file contains any messages produced by compilers while
running configure, to aid debugging if configure makes a mistake.

It was created by rnnoise configure 0.2-24-g035b18c-dirty, which was
generated by GNU Autoconf 2.72.  Invocation command line was

  $ ./configure --no-create --no-recursion

## --------- ##
## Platform. ##
## --------- ##

hostname = claudio-OptiPlex-3046
uname -m = x86_64
uname -r = 6.14.0-23-generic
uname -s = Linux
uname -v = #23-Ubuntu SMP PREEMPT_DYNAMIC Fri Jun 13 23:02:20 UTC 2025

/usr/bin/uname -p = x86_64
/bin/uname -X     = unknown

/bin/arch              = x86_64
/usr/bin/arch -k       = unknown
/usr/convex/getsysinfo = unknown
/usr/bin/hostinfo      = unknown
/bin/machine           = unknown
/usr/bin/oslevel       = unknown
/bin/universe          = unknown

PATH: /usr/local/sbin/
PATH: /usr/local/bin/
PATH: /usr/sbin/
PATH: /usr/bin/
PATH: /sbin/
PATH: /bin/
PATH: /usr/games/
PATH: /usr/local/games/
PATH: /snap/bin/
PATH: /snap/bin/


## ----------- ##
## Core tests. ##
## ----------- ##

configure:2417: looking for aux files: config.guess config.sub ltmain.sh missing install-sh compile
configure:2430:  trying ./
configure:2459:   ./config.guess found
configure:2459:   ./config.sub found
configure:2459:   ./ltmain.sh found
configure:2459:   ./missing found
configure:2441:   ./install-sh found
configure:2459:   ./compile found
configure:2642: checking for gcc
configure:2663: found /usr/bin/gcc
configure:2675: result: gcc
configure:3034: checking for C compiler version
configure:3043: gcc --version >&5
gcc (Ubuntu 14.2.0-19ubuntu2) 14.2.0
Copyright (C) 2024 Free Software Foundation, Inc.
This is free software; see the source for copying conditions.  There is NO
warranty; not even for MERCHANTABILITY or FITNESS FOR A PARTICULAR PURPOSE.

configure:3054: $? = 0
configure:3043: gcc -v >&5
Using built-in specs.
COLLECT_GCC=gcc
COLLECT_LTO_WRAPPER=/usr/libexec/gcc/x86_64-linux-gnu/14/lto-wrapper
OFFLOAD_TARGET_NAMES=nvptx-none:amdgcn-amdhsa
OFFLOAD_TARGET_DEFAULT=1
Target: x86_64-linux-gnu
Configured with: ../src/configure -v --with-pkgversion='Ubuntu 14.2.0-19ubuntu2' --with-bugurl=file:///usr/share/doc/gcc-14/README.Bugs --enable-languages=c,ada,c++,go,d,fortran,objc,obj-c++,m2,rust --prefix=/usr --with-gcc-major-version-only --program-suffix=-14 --program-prefix=x86_64-linux-gnu- --enable-shared --enable-linker-build-id --libexecdir=/usr/libexec --without-included-gettext --enable-threads=posix --libdir=/usr/lib --enable-nls --enable-bootstrap --enable-clocale=gnu --enable-libstdcxx-debug --enable-libstdcxx-time=yes --with-default-libstdcxx-abi=new --enable-libstdcxx-backtrace --enable-gnu-unique-object --disable-vtable-verify --enable-plugin --enable-default-pie --with-system-zlib --enable-libphobos-checking=release --with-target-system-zlib=auto --enable-objc-gc=auto --enable-multiarch --disable-werror --enable-cet --with-arch-32=i686 --with-abi=m64 --with-multilib-list=m32,m64,mx32 --enable-multilib --with-tune=generic --enable-offload-targets=nvptx-none=/build/gcc-14-C86vgL/gcc-14-14.2.0/debian/tmp-nvptx/usr,amdgcn-amdhsa=/build/gcc-14-C86vgL/gcc-14-14.2.0/debian/tmp-gcn/usr --enable-offload-defaulted --without-cuda-driver --enable-checking=release --build=x86_64-linux-gnu --host=x86_64-linux-gnu --target=x86_64-linux-gnu --with-build-config=bootstrap-lto-lean --enable-link-serialization=2
Thread model: posix
Supported LTO compression algorithms: zlib zstd
gcc version 14.2.0 (Ubuntu 14.2.0-19ubuntu2) 
... rest of stderr output deleted ...
configure:3054: $? = 0
configure:3043: gcc -V >&5
gcc: error: unrecognized command-line option '-V'
gcc: fatal error: no input files
compilation terminated.
configure:3054: $? = 1
configure:3043: gcc -qversion >&5
gcc: error: unrecognized command-line option '-qversion'; did you mean '--version'?
gcc: fatal error: no input files
compilation terminated.
configure:3054: $? = 1
configure:3043: gcc -version >&5
gcc: error: unrecognized command-line option '-version'
gcc: fatal error: no input files
compilation terminated.
configure:3054: $? = 1
configure:3074: checking whether the C compiler works
configure:3096: gcc    conftest.c  >&5
configure:3100: $? = 0
configure:3151: result: yes
configure:3155: checking for C compiler default output file name
configure:3157: result: a.out
configure:3163: checking for suffix of executables
configure:3170: gcc -o conftest    conftest.c  >&5
configure:3174: $? = 0
configure:3198: result: 
configure:3222: checking whether we are cross compiling
configure:3230: gcc -o conftest    conftest.c  >&5
configure:3234: $? = 0
configure:3241: ./conftest
configure:3245: $? = 0
configure:3260: result: no
configure:3266: checking for suffix of object files
configure:3289: gcc -c   conftest.c >&5
configure:3293: $? = 0
configure:3317: result: o
configure:3321: checking whether the compiler supports GNU C
configure:3341: gcc -c   conftest.c >&5
configure:3341: $? = 0
configure:3353: result: yes
configure:3364: checking whether gcc accepts -g
configure:3385: gcc -c -g  conftest.c >&5
configure:3385: $? = 0
configure:3432: result: yes
configure:3452: checking for gcc option to enable C11 features
configure:3467: gcc  -c -g -O2  conftest.c >&5
configure:3467: $? = 0
configure:3486: result: none needed
configure:3610: checking whether gcc understands -c and -o together
configure:3633: gcc -c conftest.c -o conftest2.o
configure:3636: $? = 0
configure:3633: gcc -c conftest.c -o conftest2.o
configure:3636: $? = 0
configure:3649: result: yes
configure:3671: checking for stdio.h
configure:3671: gcc -c -g -O2  conftest.c >&5
configure:3671: $? = 0
configure:3671: result: yes
configure:3671: checking for stdlib.h
configure:3671: gcc -c -g -O2  conftest.c >&5
configure:3671: $? = 0
configure:3671: result: yes
configure:3671: checking for string.h
configure:3671: gcc -c -g -O2  conftest.c >&5
configure:3671: $? = 0
configure:3671: result: yes
configure:3671: checking for inttypes.h
configure:3671: gcc -c -g -O2  conftest.c >&5
configure:3671: $? = 0
configure:3671: result: yes
configure:3671: checking for stdint.h
configure:3671: gcc -c -g -O2  conftest.c >&5
configure:3671: $? = 0
configure:3671: result: yes
configure:3671: checking for strings.h
configure:3671: gcc -c -g -O2  conftest.c >&5
configure:3671: $? = 0
configure:3671: result: yes
configure:3671: checking for sys/stat.h
configure:3671: gcc -c -g -O2  conftest.c >&5
configure:3671: $? = 0
configure:3671: result: yes
configure:3671: checking for sys/types.h
configure:3671: gcc -c -g -O2  conftest.c >&5
configure:3671: $? = 0
configure:3671: result: yes
configure:3671: checking for unistd.h
configure:3671: gcc -c -g -O2  conftest.c >&5
configure:3671: $? = 0
configure:3671: result: yes
configure:3671: checking for wchar.h
configure:3671: gcc -c -g -O2  conftest.c >&5
configure:3671: $? = 0
configure:3671: result: yes
configure:3671: checking for minix/config.h
configure:3671: gcc -c -g -O2  conftest.c >&5
conftest.c:47:10: fatal error: minix/config.h: No such file or directory
   47 | #include <minix/config.h>
      |          ^~~~~~~~~~~~~~~~
compilation terminated.
configure:3671: $? = 1
configure: failed program was:
| /* confdefs.h */
| #define PACKAGE_NAME "rnnoise"
| #define PACKAGE_TARNAME "rnnoise"
| #define PACKAGE_VERSION "0.2-24-g035b18c-dirty"
| #define PACKAGE_STRING "rnnoise 0.2-24-g035b18c-dirty"
| #define PACKAGE_BUGREPORT "jmvalin@jmvalin.ca"
| #define PACKAGE_URL ""
| #define HAVE_STDIO_H 1
| #define HAVE_STDLIB_H 1
| #define HAVE_STRING_H 1
| #define HAVE_INTTYPES_H 1
| #define HAVE_STDINT_H 1
| #define HAVE_STRINGS_H 1
| #define HAVE_SYS_STAT_H 1
| #define HAVE_SYS_TYPES_H 1
| #define HAVE_UNISTD_H 1
| #define HAVE_WCHAR_H 1
| /* end confdefs.h.  */
| #include <stddef.h>
| #ifdef HAVE_STDIO_H
| # include <stdio.h>
| #endif
| #ifdef HAVE_STDLIB_H
| # include <stdlib.h>
| #endif
| #ifdef HAVE_STRING_H
| # include <string.h>
| #endif
| #ifdef HAVE_INTTYPES_H
| # include <inttypes.h>
| #endif
| #ifdef HAVE_STDINT_H
| # include <stdint.h>
| #endif
| #ifdef HAVE_STRINGS_H
| # include <strings.h>
| #endif
| #ifdef HAVE_SYS_TYPES_H
| # include <sys/types.h>
| #endif
| #ifdef HAVE_SYS_STAT_H
| # include <sys/stat.h>
| #endif
| #ifdef HAVE_UNISTD_H
| # include <unistd.h>
| #endif
| #include <minix/config.h>
configure:3671: result: no
configure:3702: checking whether it is safe to define __EXTENSIONS__
configure:3721: gcc -c -g -O2  conftest.c >&5
configure:3721: $? = 0
configure:3731: result: yes
configure:3734: checking whether _XOPEN_SOURCE should be defined
configure:3756: gcc -c -g -O2  conftest.c >&5
configure:3756: $? = 0
configure:3785: result: no
configure:3851: checking for gcc option to enable large file support
configure:3886: gcc -c -g -O2  conftest.c >&5
configure:3886: $? = 0
configure:3892: gcc -DFTYPE=ino_t -c -g -O2  conftest.c >&5
configure:3892: $? = 0
configure:3917: result: none needed
configure:4037: checking for a BSD-compatible install
configure:4111: result: /usr/bin/install -c
configure:4122: checking whether sleep supports fractional seconds
configure:4138: result: yes
configure:4141: checking filesystem timestamp resolution
configure:4276: result: 0.01
configure:4281: checking whether build environment is sane
configure:4322: result: yes
configure:4489: checking for a race-free mkdir -p
configure:4532: result: /usr/bin/mkdir -p
configure:4539: checking for gawk
configure:4575: result: no
configure:4539: checking for mawk
configure:4560: found /usr/bin/mawk
configure:4572: result: mawk
configure:4583: checking whether make sets $(MAKE)
configure:4607: result: yes
configure:4629: checking whether make supports the include directive
configure:4644: make -f confmf.GNU && cat confinc.out
make[1]: Entering directory '/home/claudio/Documents/GitHub/AUB_Intercom/QT_Intercom/AUBDigitalIntercomModels/app/external/rnnoise'
make[1]: Leaving directory '/home/claudio/Documents/GitHub/AUB_Intercom/QT_Intercom/AUBDigitalIntercomModels/app/external/rnnoise'
this is the am__doit target
configure:4647: $? = 0
configure:4666: result: yes (GNU style)
configure:4697: checking whether make supports nested variables
configure:4716: result: yes
configure:4730: checking xargs -n works
configure:4746: result: yes
configure:4822: checking dependency style of gcc
configure:4935: result: gcc3
configure:4970: checking whether to enable maintainer-specific portions of Makefiles
configure:4981: result: yes
configure:4995: checking for inline
configure:5012: gcc -c -g -O2  conftest.c >&5
configure:5012: $? = 0
configure:5022: result: inline
configure:5073: checking build system type
configure:5089: result: x86_64-pc-linux-gnu
configure:5109: checking host system type
configure:5124: result: x86_64-pc-linux-gnu
configure:5165: checking how to print strings
configure:5192: result: printf
configure:5213: checking for a sed that does not truncate output
configure:5285: result: /usr/bin/sed
configure:5303: checking for grep that handles long lines and -e
configure:5369: result: /usr/bin/grep
configure:5374: checking for egrep
configure:5444: result: /usr/bin/grep -E
configure:5451: checking for fgrep
configure:5521: result: /usr/bin/grep -F
configure:5558: checking for ld used by gcc
configure:5627: result: /usr/bin/ld
configure:5634: checking if the linker (/usr/bin/ld) is GNU ld
configure:5651: result: yes
configure:5663: checking for BSD- or MS-compatible name lister (nm)
configure:5719: result: /usr/bin/nm -B
configure:5861: checking the name lister (/usr/bin/nm -B) interface
configure:5869: gcc -c -g -O2  conftest.c >&5
configure:5872: /usr/bin/nm -B "conftest.o"
configure:5875: output
0000000000000000 B some_variable
configure:5883: result: BSD nm
configure:5886: checking whether ln -s works
configure:5890: result: yes
configure:5898: checking the maximum length of command line arguments
configure:6031: result: 1572864
configure:6079: checking how to convert x86_64-pc-linux-gnu file names to x86_64-pc-linux-gnu format
configure:6121: result: func_convert_file_noop
configure:6128: checking how to convert x86_64-pc-linux-gnu file names to toolchain format
configure:6150: result: func_convert_file_noop
configure:6157: checking for /usr/bin/ld option to reload object files
configure:6166: result: -r
configure:6199: checking for file
configure:6220: found /usr/bin/file
configure:6233: result: file
configure:6296: checking for objdump
configure:6317: found /usr/bin/objdump
configure:6329: result: objdump
configure:6361: checking how to recognize dependent libraries
configure:6570: result: pass_all
configure:6661: checking for dlltool
configure:6697: result: no
configure:6727: checking how to associate runtime and link libraries
configure:6756: result: printf %s\n
configure:6816: checking for ranlib
configure:6837: found /usr/bin/ranlib
configure:6849: result: ranlib
configure:6926: checking for ar
configure:6947: found /usr/bin/ar
configure:6959: result: ar
configure:7012: checking for archiver @FILE support
configure:7030: gcc -c -g -O2  conftest.c >&5
configure:7030: $? = 0
configure:7034: ar cr libconftest.a @conftest.lst >&5
configure:7037: $? = 0
configure:7042: ar cr libconftest.a @conftest.lst >&5
ar: conftest.o: No such file or directory
configure:7045: $? = 1
configure:7058: result: @
configure:7122: checking for strip
configure:7143: found /usr/bin/strip
configure:7155: result: strip
configure:7258: checking command to parse /usr/bin/nm -B output from gcc object
configure:7412: gcc -c -g -O2  conftest.c >&5
configure:7415: $? = 0
configure:7419: /usr/bin/nm -B conftest.o | /usr/bin/sed -n -e 's/^.*[	 ]\([ABCDGIRSTW][ABCDGIRSTW]*\)[	 ][	 ]*\([_A-Za-z][_A-Za-z0-9]*\)$/\1 \2 \2/p' | /usr/bin/sed '/ __gnu_lto/d' > conftest.nm
configure:7485: gcc -o conftest -g -O2   conftest.c conftstm.o >&5
configure:7488: $? = 0
configure:7527: result: ok
configure:7574: checking for sysroot
configure:7608: result: no
configure:7615: checking for a working dd
configure:7660: result: /usr/bin/dd
configure:7664: checking how to truncate binary pipes
configure:7681: result: /usr/bin/dd bs=4096 count=1
configure:7818: gcc -c -g -O2  conftest.c >&5
configure:7821: $? = 0
configure:8021: checking for mt
configure:8042: found /usr/bin/mt
configure:8054: result: mt
configure:8077: checking if mt is a manifest tool
configure:8084: mt '-?'
configure:8093: result: no
configure:8886: checking for dlfcn.h
configure:8886: gcc -c -g -O2  conftest.c >&5
configure:8886: $? = 0
configure:8886: result: yes
configure:9189: checking for objdir
configure:9206: result: .libs
configure:9472: checking if gcc supports -fno-rtti -fno-exceptions
configure:9491: gcc -c -g -O2  -fno-rtti -fno-exceptions conftest.c >&5
cc1: warning: command-line option '-fno-rtti' is valid for C++/D/ObjC++ but not for C
configure:9495: $? = 0
configure:9509: result: no
configure:9888: checking for gcc option to produce PIC
configure:9897: result: -fPIC -DPIC
configure:9905: checking if gcc PIC flag -fPIC -DPIC works
configure:9924: gcc -c -g -O2  -fPIC -DPIC -DPIC conftest.c >&5
configure:9928: $? = 0
configure:9942: result: yes
configure:9971: checking if gcc static flag -static works
configure:10001: result: yes
configure:10016: checking if gcc supports -c -o file.o
configure:10038: gcc -c -g -O2  -o out/conftest2.o conftest.c >&5
configure:10042: $? = 0
configure:10065: result: yes
configure:10073: checking if gcc supports -c -o file.o
configure:10122: result: yes
configure:10155: checking whether the gcc linker (/usr/bin/ld -m elf_x86_64) supports shared libraries
configure:11443: result: yes
configure:11480: checking whether -lc should be explicitly linked in
configure:11489: gcc -c -g -O2  conftest.c >&5
configure:11492: $? = 0
configure:11507: gcc -shared  -fPIC -DPIC conftest.o  -v -Wl,-soname -Wl,conftest -o conftest 2\>\&1 \| /usr/bin/grep  -lc  \>/dev/null 2\>\&1
configure:11510: $? = 0
configure:11525: result: no
configure:11685: checking dynamic linker characteristics
configure:12304: gcc -o conftest -g -O2   -Wl,-rpath -Wl,/foo conftest.c  >&5
configure:12304: $? = 0
configure:13087: result: GNU/Linux ld.so
configure:13209: checking how to hardcode library paths into programs
configure:13234: result: immediate
configure:13834: checking whether stripping libraries is possible
configure:13843: result: yes
configure:13885: checking if libtool supports shared libraries
configure:13887: result: yes
configure:13890: checking whether to build shared libraries
configure:13915: result: yes
configure:13918: checking whether to build static libraries
configure:13922: result: yes
configure:13979: checking if gcc supports -pedantic flag
configure:13996: gcc -o conftest -g -O2 -pedantic   conftest.c  >&5
configure:13996: $? = 0
configure:14019: result: yes
configure:13979: checking if gcc supports -Wall flag
configure:13996: gcc -o conftest -g -O2 -pedantic -Wall   conftest.c  >&5
configure:13996: $? = 0
configure:14019: result: yes
configure:13979: checking if gcc supports -Wextra flag
configure:13996: gcc -o conftest -g -O2 -pedantic -Wall -Wextra   conftest.c  >&5
configure:13996: $? = 0
configure:14019: result: yes
configure:13979: checking if gcc supports -Wno-sign-compare flag
configure:13996: gcc -o conftest -g -O2 -pedantic -Wall -Wextra -Wno-sign-compare   conftest.c  >&5
configure:13996: $? = 0
configure:14019: result: yes
configure:13979: checking if gcc supports -Wno-parentheses flag
configure:13996: gcc -o conftest -g -O2 -pedantic -Wall -Wextra -Wno-sign-compare -Wno-parentheses   conftest.c  >&5
configure:13996: $? = 0
configure:14019: result: yes
configure:13979: checking if gcc supports -Wno-long-long flag
configure:13996: gcc -o conftest -g -O2 -pedantic -Wall -Wextra -Wno-sign-compare -Wno-parentheses -Wno-long-long   conftest.c  >&5
configure:13996: $? = 0
configure:14019: result: yes
configure:14309: checking for cos in -lm
configure:14338: gcc -o conftest -g -O2 -pedantic -Wall -Wextra -Wno-sign-compare -Wno-parentheses -Wno-long-long   conftest.c -lm   >&5
conftest.c:51:6: warning: conflicting types for built-in function 'cos'; expected 'double(double)' [-Wbuiltin-declaration-mismatch]
   51 | char cos (void);
      |      ^~~
conftest.c:1:1: note: 'cos' is declared in header '<math.h>'
    1 | /* confdefs.h */
configure:14338: $? = 0
configure:14350: result: yes
configure:14365: checking for gcc way to treat warnings as errors
configure:14382: gcc -o conftest -g -O2 -pedantic -Wall -Wextra -Wno-sign-compare -Wno-parentheses -Wno-long-long -Werror   conftest.c  >&5
configure:14382: $? = 0
configure:14438: result: -Werror
configure:14444: checking if gcc supports __attribute__(( visibility("default") ))
configure:14456: gcc -c -g -O2 -pedantic -Wall -Wextra -Wno-sign-compare -Wno-parentheses -Wno-long-long -Werror  conftest.c >&5
configure:14456: $? = 0
configure:14468: result: yes
configure:14479: checking if gcc supports -fvisibility=hidden
configure:14498: gcc -o conftest -g -O2 -pedantic -Wall -Wextra -Wno-sign-compare -Wno-parentheses -Wno-long-long -Werror -fvisibility=hidden   conftest.c  >&5
configure:14498: $? = 0
configure:14524: result: yes
configure:14556: checking for doxygen
configure:14590: result: no
configure:14600: checking for dot
configure:14634: result: no
configure:14770: checking that generated files are newer than configure
configure:14776: result: done
configure:14831: creating ./config.status
configure:16987:
------------------------------------------------------------------------
  rnnoise 0.2-24-g035b18c-dirty: Automatic configuration OK.

    Assertions ................... no

    Hidden visibility ............ yes

    API code examples ............ yes
    API documentation ............ yes
------------------------------------------------------------------------


## ---------------- ##
## Cache variables. ##
## ---------------- ##

ac_cv_build=x86_64-pc-linux-gnu
ac_cv_c_compiler_gnu=yes
ac_cv_c_inline=inline
ac_cv_env_CC_set=
ac_cv_env_CC_value=
ac_cv_env_CFLAGS_set=
ac_cv_env_CFLAGS_value=
ac_cv_env_CPPFLAGS_set=
ac_cv_env_CPPFLAGS_value=
ac_cv_env_LDFLAGS_set=
ac_cv_env_LDFLAGS_value=
ac_cv_env_LIBS_set=
ac_cv_env_LIBS_value=
ac_cv_env_LT_SYS_LIBRARY_PATH_set=
ac_cv_env_LT_SYS_LIBRARY_PATH_value=
ac_cv_env_build_alias_set=
ac_cv_env_build_alias_value=
ac_cv_env_host_alias_set=
ac_cv_env_host_alias_value=
ac_cv_env_target_alias_set=
ac_cv_env_target_alias_value=
ac_cv_header_dlfcn_h=yes
ac_cv_header_inttypes_h=yes
ac_cv_header_minix_config_h=no
ac_cv_header_stdint_h=yes
ac_cv_header_stdio_h=yes
ac_cv_header_stdlib_h=yes
ac_cv_header_string_h=yes
ac_cv_header_strings_h=yes
ac_cv_header_sys_stat_h=yes
ac_cv_header_sys_types_h=yes
ac_cv_header_unistd_h=yes
ac_cv_header_wchar_h=yes
ac_cv_host=x86_64-pc-linux-gnu
ac_cv_lib_m_cos=yes
ac_cv_objext=o
ac_cv_path_EGREP='/usr/bin/grep -E'
ac_cv_path_EGREP_TRADITIONAL='/usr/bin/grep -E'
ac_cv_path_FGREP='/usr/bin/grep -F'
ac_cv_path_GREP=/usr/bin/grep
ac_cv_path_SED=/usr/bin/sed
ac_cv_path_install='/usr/bin/install -c'
ac_cv_path_lt_DD=/usr/bin/dd
ac_cv_path_mkdir=/usr/bin/mkdir
ac_cv_prog_AWK=mawk
ac_cv_prog_FILECMD=file
ac_cv_prog_HAVE_DOT=no
ac_cv_prog_HAVE_DOXYGEN=no
ac_cv_prog_ac_ct_AR=ar
ac_cv_prog_ac_ct_CC=gcc
ac_cv_prog_ac_ct_MANIFEST_TOOL=mt
ac_cv_prog_ac_ct_OBJDUMP=objdump
ac_cv_prog_ac_ct_RANLIB=ranlib
ac_cv_prog_ac_ct_STRIP=strip
ac_cv_prog_cc_c11=
ac_cv_prog_cc_g=yes
ac_cv_prog_cc_stdc=
ac_cv_prog_make_make_set=yes
ac_cv_safe_to_define___extensions__=yes
ac_cv_should_define__xopen_source=no
ac_cv_sys_largefile_opts='none needed'
am_cv_CC_dependencies_compiler_type=gcc3
am_cv_filesystem_timestamp_resolution=0.01
am_cv_make_support_nested_variables=yes
am_cv_prog_cc_c_o=yes
am_cv_sleep_fractional_seconds=yes
am_cv_xargs_n_works=yes
cc_cv_attribute_visibility_default=yes
cc_cv_cflags__Wall=yes
cc_cv_cflags__Werror=yes
cc_cv_cflags__Wextra=yes
cc_cv_cflags__Wno_long_long=yes
cc_cv_cflags__Wno_parentheses=yes
cc_cv_cflags__Wno_sign_compare=yes
cc_cv_cflags__fvisibility_hidden=yes
cc_cv_cflags__pedantic=yes
cc_cv_flag_visibility=yes
cc_cv_werror=-Werror
lt_cv_ar_at_file=@
lt_cv_archive_cmds_need_lc=no
lt_cv_deplibs_check_method=pass_all
lt_cv_file_magic_cmd='$MAGIC_CMD'
lt_cv_file_magic_test_file=
lt_cv_ld_reload_flag=-r
lt_cv_nm_interface='BSD nm'
lt_cv_objdir=.libs
lt_cv_path_LD=/usr/bin/ld
lt_cv_path_NM='/usr/bin/nm -B'
lt_cv_path_manifest_tool=no
lt_cv_prog_compiler_c_o=yes
lt_cv_prog_compiler_pic='-fPIC -DPIC'
lt_cv_prog_compiler_pic_works=yes
lt_cv_prog_compiler_rtti_exceptions=no
lt_cv_prog_compiler_static_works=yes
lt_cv_prog_gnu_ld=yes
lt_cv_sharedlib_from_linklib_cmd='printf %s\n'
lt_cv_shlibpath_overrides_runpath=yes
lt_cv_sys_global_symbol_pipe='/usr/bin/sed -n -e '\''s/^.*[	 ]\([ABCDGIRSTW][ABCDGIRSTW]*\)[	 ][	 ]*\([_A-Za-z][_A-Za-z0-9]*\)$/\1 \2 \2/p'\'' | /usr/bin/sed '\''/ __gnu_lto/d'\'''
lt_cv_sys_global_symbol_to_c_name_address='/usr/bin/sed -n -e '\''s/^: \(.*\) .*$/  {"\1", (void *) 0},/p'\'' -e '\''s/^[ABCDGIRSTW][ABCDGIRSTW]* .* \(.*\)$/  {"\1", (void *) \&\1},/p'\'''
lt_cv_sys_global_symbol_to_c_name_address_lib_prefix='/usr/bin/sed -n -e '\''s/^: \(.*\) .*$/  {"\1", (void *) 0},/p'\'' -e '\''s/^[ABCDGIRSTW][ABCDGIRSTW]* .* \(lib.*\)$/  {"\1", (void *) \&\1},/p'\'' -e '\''s/^[ABCDGIRSTW][ABCDGIRSTW]* .* \(.*\)$/  {"lib\1", (void *) \&\1},/p'\'''
lt_cv_sys_global_symbol_to_cdecl='/usr/bin/sed -n -e '\''s/^T .* \(.*\)$/extern int \1();/p'\'' -e '\''s/^[ABCDGIRSTW][ABCDGIRSTW]* .* \(.*\)$/extern char \1;/p'\'''
lt_cv_sys_global_symbol_to_import=
lt_cv_sys_max_cmd_len=1572864
lt_cv_to_host_file_cmd=func_convert_file_noop
lt_cv_to_tool_file_cmd=func_convert_file_noop
lt_cv_truncate_bin='/usr/bin/dd bs=4096 count=1'

## ----------------- ##
## Output variables. ##
## ----------------- ##

ACLOCAL='${SHELL} '\''/home/claudio/Documents/GitHub/AUB_Intercom/QT_Intercom/AUBDigitalIntercomModels/app/external/rnnoise/missing'\'' aclocal-1.17'
AMDEPBACKSLASH='\'
AMDEP_FALSE='#'
AMDEP_TRUE=''
AMTAR='$${TAR-tar}'
AM_BACKSLASH='\'
AM_DEFAULT_V='$(AM_DEFAULT_VERBOSITY)'
AM_DEFAULT_VERBOSITY='0'
AM_V='$(V)'
AR='ar'
AUTOCONF='${SHELL} '\''/home/claudio/Documents/GitHub/AUB_Intercom/QT_Intercom/AUBDigitalIntercomModels/app/external/rnnoise/missing'\'' autoconf'
AUTOHEADER='${SHELL} '\''/home/claudio/Documents/GitHub/AUB_Intercom/QT_Intercom/AUBDigitalIntercomModels/app/external/rnnoise/missing'\'' autoheader'
AUTOMAKE='${SHELL} '\''/home/claudio/Documents/GitHub/AUB_Intercom/QT_Intercom/AUBDigitalIntercomModels/app/external/rnnoise/missing'\'' automake-1.17'
AWK='mawk'
CC='gcc'
CCDEPMODE='depmode=gcc3'
CFLAGS='-g -O2 -pedantic -Wall -Wextra -Wno-sign-compare -Wno-parentheses -Wno-long-long -fvisibility=hidden'
CPPFLAGS=''
CSCOPE='cscope'
CTAGS='ctags'
CYGPATH_W='echo'
DEFS='-DHAVE_CONFIG_H'
DEPDIR='.deps'
DLLTOOL='false'
DSYMUTIL=''
DUMPBIN=''
ECHO_C=''
ECHO_N='-n'
ECHO_T=''
EGREP='/usr/bin/grep -E'
ETAGS='etags'
EXEEXT=''
FGREP='/usr/bin/grep -F'
FILECMD='file'
GREP='/usr/bin/grep'
HAVE_DOT='no'
HAVE_DOXYGEN='no'
HAVE_DOXYGEN_FALSE=''
HAVE_DOXYGEN_TRUE='#'
INSTALL_DATA='${INSTALL} -m 644'
INSTALL_PROGRAM='${INSTALL}'
INSTALL_SCRIPT='${INSTALL}'
INSTALL_STRIP_PROGRAM='$(install_sh) -c -s'
LD='/usr/bin/ld -m elf_x86_64'
LDFLAGS=''
LIBM='-lm'
LIBOBJS=''
LIBS=''
LIBTOOL='$(SHELL) $(top_builddir)/libtool'
LIPO=''
LN_S='ln -s'
LTLIBOBJS=''
LT_SYS_LIBRARY_PATH=''
MAINT=''
MAINTAINER_MODE_FALSE='#'
MAINTAINER_MODE_TRUE=''
MAKEINFO='${SHELL} '\''/home/claudio/Documents/GitHub/AUB_Intercom/QT_Intercom/AUBDigitalIntercomModels/app/external/rnnoise/missing'\'' makeinfo'
MANIFEST_TOOL=':'
MKDIR_P='/usr/bin/mkdir -p'
NM='/usr/bin/nm -B'
NMEDIT=''
OBJDUMP='objdump'
OBJEXT='o'
OPUS_X86_AVX2_CFLAGS='-mavx -mfma -mavx2'
OPUS_X86_SSE4_1_CFLAGS='-msse4.1'
OP_ENABLE_EXAMPLES_FALSE='#'
OP_ENABLE_EXAMPLES_TRUE=''
OP_LT_AGE='4'
OP_LT_CURRENT='4'
OP_LT_REVISION='1'
OP_WIN32_FALSE=''
OP_WIN32_TRUE='#'
OTOOL64=''
OTOOL=''
PACKAGE='rnnoise'
PACKAGE_BUGREPORT='jmvalin@jmvalin.ca'
PACKAGE_NAME='rnnoise'
PACKAGE_STRING='rnnoise 0.2-24-g035b18c-dirty'
PACKAGE_TARNAME='rnnoise'
PACKAGE_URL=''
PACKAGE_VERSION='0.2-24-g035b18c-dirty'
PATH_SEPARATOR=':'
RANLIB='ranlib'
RNN_ENABLE_X86_RTCD_FALSE=''
RNN_ENABLE_X86_RTCD_TRUE='#'
SED='/usr/bin/sed'
SET_MAKE=''
SHELL='/bin/bash'
STRIP='strip'
VERSION='0.2-24-g035b18c-dirty'
ac_ct_AR='ar'
ac_ct_CC='gcc'
ac_ct_DUMPBIN=''
am__EXEEXT_FALSE=''
am__EXEEXT_TRUE='#'
am__fastdepCC_FALSE='#'
am__fastdepCC_TRUE=''
am__include='include'
am__isrc=''
am__leading_dot='.'
am__nodep='_no'
am__quote=''
am__rm_f_notfound=''
am__tar='$${TAR-tar} chof - "$$tardir"'
am__untar='$${TAR-tar} xf -'
am__xargs_n='xargs -n'
bindir='${exec_prefix}/bin'
build='x86_64-pc-linux-gnu'
build_alias=''
build_cpu='x86_64'
build_os='linux-gnu'
build_vendor='pc'
datadir='${datarootdir}'
datarootdir='${prefix}/share'
docdir='${datarootdir}/doc/${PACKAGE_TARNAME}'
dvidir='${docdir}'
exec_prefix='${prefix}'
host='x86_64-pc-linux-gnu'
host_alias=''
host_cpu='x86_64'
host_os='linux-gnu'
host_vendor='pc'
htmldir='${docdir}'
includedir='${prefix}/include'
infodir='${datarootdir}/info'
install_sh='${SHELL} /home/claudio/Documents/GitHub/AUB_Intercom/QT_Intercom/AUBDigitalIntercomModels/app/external/rnnoise/install-sh'
libdir='${exec_prefix}/lib'
libexecdir='${exec_prefix}/libexec'
localedir='${datarootdir}/locale'
localstatedir='${prefix}/var'
lrintf_lib=''
mandir='${datarootdir}/man'
mkdir_p='$(MKDIR_P)'
oldincludedir='/usr/include'
pdfdir='${docdir}'
prefix='/usr/local'
program_transform_name='s,x,x,'
psdir='${docdir}'
runstatedir='${localstatedir}/run'
sbindir='${exec_prefix}/sbin'
sharedstatedir='${prefix}/com'
sysconfdir='${prefix}/etc'
target_alias=''

## ----------- ##
## confdefs.h. ##
## ----------- ##

/* confdefs.h */
#define PACKAGE_NAME "rnnoise"
#define PACKAGE_TARNAME "rnnoise"
#define PACKAGE_VERSION "0.2-24-g035b18c-dirty"
#define PACKAGE_STRING "rnnoise 0.2-24-g035b18c-dirty"
#define PACKAGE_BUGREPORT "jmvalin@jmvalin.ca"
#define PACKAGE_URL ""
#define HAVE_STDIO_H 1
#define HAVE_STDLIB_H 1
#define HAVE_STRING_H 1
#define HAVE_INTTYPES_H 1
#define HAVE_STDINT_H 1
#define HAVE_STRINGS_H 1
#define HAVE_SYS_STAT_H 1
#define HAVE_SYS_TYPES_H 1
#define HAVE_UNISTD_H 1
#define HAVE_WCHAR_H 1
#define STDC_HEADERS 1
#define _ALL_SOURCE 1
#define _DARWIN_C_SOURCE 1
#define _GNU_SOURCE 1
#define _HPUX_ALT_XOPEN_SOCKET_API 1
#define _NETBSD_SOURCE 1
#define _OPENBSD_SOURCE 1
#define _POSIX_PTHREAD_SEMANTICS 1
#define __STDC_WANT_IEC_60559_ATTRIBS_EXT__ 1
#define __STDC_WANT_IEC_60559_BFP_EXT__ 1
#define __STDC_WANT_IEC_60559_DFP_EXT__ 1
#define __STDC_WANT_IEC_60559_EXT__ 1
#define __STDC_WANT_IEC_60559_FUNCS_EXT__ 1
#define __STDC_WANT_IEC_60559_TYPES_EXT__ 1
#define __STDC_WANT_LIB_EXT2__ 1
#define __STDC_WANT_MATH_SPEC_FUNCS__ 1
#define _TANDEM_SOURCE 1
#define __EXTENSIONS__ 1
#define HAVE_DLFCN_H 1
#define LT_OBJDIR ".libs/"
#define RNNOISE_BUILD /**/
#define DISABLE_DEBUG_FLOAT 1
#define SUPPORT_ATTRIBUTE_VISIBILITY_DEFAULT 1
#define SUPPORT_FLAG_VISIBILITY 1

configure: exit 0

## ---------------------- ##
## Running config.status. ##
## ---------------------- ##

This file was extended by rnnoise config.status 0.2-24-g035b18c-dirty, which was
generated by GNU Autoconf 2.72.  Invocation command line was

  CONFIG_FILES    = 
  CONFIG_HEADERS  = 
  CONFIG_LINKS    = 
  CONFIG_COMMANDS = 
  $ ./config.status 

on claudio-OptiPlex-3046

config.status:1130: creating Makefile
config.status:1130: creating rnnoise.pc
config.status:1130: creating rnnoise-uninstalled.pc
config.status:1130: creating doc/Doxyfile
config.status:1130: creating config.h
config.status:1359: executing depfiles commands
config.status:1436: cd .       && sed -e '/# am--include-marker/d' Makefile         | make -f - am--depfiles
make[1]: Entering directory '/home/claudio/Documents/GitHub/AUB_Intercom/QT_Intercom/AUBDigitalIntercomModels/app/external/rnnoise'
make[1]: Nothing to be done for 'am--depfiles'.
make[1]: Leaving directory '/home/claudio/Documents/GitHub/AUB_Intercom/QT_Intercom/AUBDigitalIntercomModels/app/external/rnnoise'
config.status:1441: $? = 0
config.status:1359: executing libtool commands

## ---------------------- ##
## Running config.status. ##
## ---------------------- ##

This file was extended by rnnoise config.status 0.2-24-g035b18c-dirty, which was
generated by GNU Autoconf 2.72.  Invocation command line was

  CONFIG_FILES    = 
  CONFIG_HEADERS  = 
  CONFIG_LINKS    = 
  CONFIG_COMMANDS = 
  $ ./config.status config.h

on claudio-OptiPlex-3046

config.status:1130: creating config.h
config.status:1311: config.h is unchanged
